C51 COMPILER V9.52.0.0   MAIN                                                              06/10/2017 21:23:53 PAGE 1   


C51 COMPILER V9.52.0.0, COMPILATION OF MODULE MAIN
OBJECT MODULE PLACED IN .\list\main.obj
COMPILER INVOKED BY: C:\Keil\C51\BIN\C51.EXE main.c BROWSE DEBUG OBJECTEXTEND PRINT(.\list\main.lst) TABS(2) OBJECT(.\li
                    -st\main.obj)

line level    source

   1          
   2          /*------------------------------------------------------------------*/
   3          /* --- STC MCU International Limited -------------------------------*/
   4          /* --- STC 1T Series MCU RC Demo -----------------------------------*/
   5          /* --- Mobile: (86)13922805190 -------------------------------------*/
   6          /* --- Fax: 86-0513-55012956,55012947,55012969 ---------------------*/
   7          /* --- Tel: 86-0513-55012928,55012929,55012966 ---------------------*/
   8          /* --- Web: www.GXWMCU.com -----------------------------------------*/
   9          /* --- QQ:  800003751 ----------------------------------------------*/
  10          /* If you want to use the program or the program referenced in the  */
  11          /* article, please specify in which data and procedures from STC    */
  12          /*------------------------------------------------------------------*/
  13          
  14          
  15          
  16          #include  "config.h"
  17          #include  "USART1.h"
  18          #include  "delay.h"
  19          
  20          
  21          #define RELAY_ON P00=0;
  22          #define RELAY_OFF P00=1;
  23          /*************  功能说明  **************
  24          
  25          双串口全双工中断方式收发通讯程序。
  26          
  27          通过PC向MCU发送数据, MCU收到后通过串口把收到的数据原样返回.
  28          
  29          ******************************************/
  30          
  31          /*************  本地常量声明  **************/
  32          
  33          
  34          /*************  本地变量声明  **************/
  35          
  36          
  37          /*************  本地函数声明  **************/
  38          
  39          
  40          
  41          /*************  外部函数和变量声明 *****************/
  42          
  43          
  44          /*************  串口1初始化函数 *****************/
  45          void  UART_config(void)
  46          {
  47   1        COMx_InitDefine   COMx_InitStructure;         //结构定义
  48   1        COMx_InitStructure.UART_Mode      = UART_8bit_BRTx;   //模式,       UART_ShiftRight,UART_8bit_BRTx,UART_9b
             -it,UART_9bit_BRTx
  49   1        COMx_InitStructure.UART_BRT_Use   = BRT_Timer2;     //使用波特率,   BRT_Timer1, BRT_Timer2 (注意: 串口2固定
             -使用BRT_Timer2)
  50   1        COMx_InitStructure.UART_BaudRate  = 9600ul;     //波特率, 一般 110 ~ 115200
  51   1        COMx_InitStructure.UART_RxEnable  = ENABLE;       //接收允许,   ENABLE或DISABLE
  52   1        COMx_InitStructure.BaudRateDouble = DISABLE;      //波特率加倍, ENABLE或DISABLE
C51 COMPILER V9.52.0.0   MAIN                                                              06/10/2017 21:23:53 PAGE 2   

  53   1        COMx_InitStructure.UART_Interrupt = ENABLE;       //中断允许,   ENABLE或DISABLE
  54   1        COMx_InitStructure.UART_Polity    = PolityLow;      //中断优先级, PolityLow,PolityHigh
  55   1        COMx_InitStructure.UART_P_SW      = UART1_SW_P30_P31; //切换端口,   UART1_SW_P30_P31,UART1_SW_P36_P37,UAR
             -T1_SW_P16_P17(必须使用内部时钟)
  56   1        COMx_InitStructure.UART_RXD_TXD_Short = DISABLE;    //内部短路RXD与TXD, 做中继, ENABLE,DISABLE
  57   1        USART_Configuration(USART1, &COMx_InitStructure);   //初始化串口1 USART1,USART2
  58   1      
  59   1        PrintString1("STC15F2K60S2 UART1 Test Prgramme!\r\n");  //SUART1发送一个字符串
  60   1      }
  61          
  62          
  63          /**********************************************/
  64          void main(void)
  65          {
  66   1        u8  i;
  67   1      
  68   1        UART_config();
  69   1        EA = 1;
  70   1        //初始化IO口，用P00 P01，分别控制两个继电器
  71   1        P0M0=0;
  72   1        P0M1=0;
  73   1        //
  74   1        
  75   1      
  76   1        while (1)
  77   1        {
  78   2          delay_ms(1);
  79   2          if(COM1.RX_TimeOut > 0)   //超时计数
  80   2          {
  81   3            if(--COM1.RX_TimeOut == 0)
  82   3            {
  83   4              if(COM1.RX_Cnt > 0)
  84   4              {
  85   5                for(i=0; i<COM1.RX_Cnt; i++)  TX1_write2buff(RX1_Buffer[i]);  //收到的数据原样返回
  86   5                if(RX1_Buffer[0]=='U'){
  87   6                  RELAY_ON;
  88   6                }
  89   5                if(RX1_Buffer[0]=='D'){
  90   6                  RELAY_OFF;
  91   6                }
  92   5              }
  93   4              COM1.RX_Cnt = 0;
  94   4            }
  95   3          }
  96   2        }
  97   1      }
  98          
  99          
 100          


MODULE INFORMATION:   STATIC OVERLAYABLE
   CODE SIZE        =    126    ----
   CONSTANT SIZE    =     36    ----
   XDATA SIZE       =   ----    ----
   PDATA SIZE       =   ----    ----
   DATA SIZE        =   ----      14
   IDATA SIZE       =   ----    ----
   BIT SIZE         =   ----    ----
END OF MODULE INFORMATION.


C51 COMPILATION COMPLETE.  0 WARNING(S),  0 ERROR(S)
